# JRE version: Java(TM) SE Runtime Environment (8.0_131-b11) (build 1.8.0_131-b11)
# Java VM: Java HotSpot(TM) 64-Bit Server VM (25.131-b11 mixed mode windows-amd64 compressed oops)
Heap:
 PSYoungGen      total 892928K, used 132737K [0x000000076af80000, 0x00000007a3980000, 0x00000007c0000000)
  eden space 860160K, 15% used [0x000000076af80000,0x00000007731206f8,0x000000079f780000)
  from space 32768K, 0% used [0x00000007a1980000,0x00000007a1980000,0x00000007a3980000)
  to   space 33792K, 0% used [0x000000079f780000,0x000000079f780000,0x00000007a1880000)
 ParOldGen       total 222208K, used 78714K [0x00000006c0e00000, 0x00000006ce700000, 0x000000076af80000)
  object space 222208K, 35% used [0x00000006c0e00000,0x00000006c5adeb18,0x00000006ce700000)
 Metaspace       used 59489K, capacity 61008K, committed 61144K, reserved 1103872K
  class space    used 5562K, capacity 5845K, committed 5888K, reserved 1048576K
GC Heap History (10 events):
Event: 10145.185 GC heap before
{Heap before GC invocations=19 (full 5):
 PSYoungGen      total 894976K, used 160K [0x000000076af80000, 0x00000007a3b80000, 0x00000007c0000000)
  eden space 860160K, 0% used [0x000000076af80000,0x000000076af80000,0x000000079f780000)
  from space 34816K, 0% used [0x00000007a1980000,0x00000007a19a8000,0x00000007a3b80000)
  to   space 34816K, 0% used [0x000000079f780000,0x000000079f780000,0x00000007a1980000)
 ParOldGen       total 222208K, used 77732K [0x00000006c0e00000, 0x00000006ce700000, 0x000000076af80000)
  object space 222208K, 34% used [0x00000006c0e00000,0x00000006c59e9118,0x00000006ce700000)
 Metaspace       used 59020K, capacity 60100K, committed 60692K, reserved 1103872K
  class space    used 5489K, capacity 5715K, committed 5888K, reserved 1048576K
Event: 10145.475 GC heap after
Heap after GC invocations=19 (full 5):
 PSYoungGen      total 894976K, used 0K [0x000000076af80000, 0x00000007a3b80000, 0x00000007c0000000)
  eden space 860160K, 0% used [0x000000076af80000,0x000000076af80000,0x000000079f780000)
  from space 34816K, 0% used [0x00000007a1980000,0x00000007a1980000,0x00000007a3b80000)
  to   space 34816K, 0% used [0x000000079f780000,0x000000079f780000,0x00000007a1980000)
 ParOldGen       total 222208K, used 77440K [0x00000006c0e00000, 0x00000006ce700000, 0x000000076af80000)
  object space 222208K, 34% used [0x00000006c0e00000,0x00000006c59a01b8,0x00000006ce700000)
 Metaspace       used 58933K, capacity 59968K, committed 60692K, reserved 1103872K
  class space    used 5477K, capacity 5693K, committed 5888K, reserved 1048576K
}
Event: 13745.474 GC heap before
{Heap before GC invocations=20 (full 5):
 PSYoungGen      total 894976K, used 245630K [0x000000076af80000, 0x00000007a3b80000, 0x00000007c0000000)
  eden space 860160K, 28% used [0x000000076af80000,0x0000000779f5fa90,0x000000079f780000)
  from space 34816K, 0% used [0x00000007a1980000,0x00000007a1980000,0x00000007a3b80000)
  to   space 34816K, 0% used [0x000000079f780000,0x000000079f780000,0x00000007a1980000)
 ParOldGen       total 222208K, used 77440K [0x00000006c0e00000, 0x00000006ce700000, 0x000000076af80000)
  object space 222208K, 34% used [0x00000006c0e00000,0x00000006c59a01b8,0x00000006ce700000)
 Metaspace       used 59231K, capacity 60578K, committed 60692K, reserved 1103872K
  class space    used 5527K, capacity 5784K, committed 5888K, reserved 1048576K
Event: 13745.476 GC heap after
Heap after GC invocations=20 (full 5):
 PSYoungGen      total 894976K, used 480K [0x000000076af80000, 0x00000007a3b80000, 0x00000007c0000000)
  eden space 860160K, 0% used [0x000000076af80000,0x000000076af80000,0x000000079f780000)
  from space 34816K, 1% used [0x000000079f780000,0x000000079f7f8000,0x00000007a1980000)
  to   space 34816K, 0% used [0x00000007a1980000,0x00000007a1980000,0x00000007a3b80000)
 ParOldGen       total 222208K, used 77448K [0x00000006c0e00000, 0x00000006ce700000, 0x000000076af80000)
  object space 222208K, 34% used [0x00000006c0e00000,0x00000006c59a21b8,0x00000006ce700000)
 Metaspace       used 59231K, capacity 60578K, committed 60692K, reserved 1103872K
  class space    used 5527K, capacity 5784K, committed 5888K, reserved 1048576K
}
Event: 13745.476 GC heap before
{Heap before GC invocations=21 (full 6):
 PSYoungGen      total 894976K, used 480K [0x000000076af80000, 0x00000007a3b80000, 0x00000007c0000000)
  eden space 860160K, 0% used [0x000000076af80000,0x000000076af80000,0x000000079f780000)
  from space 34816K, 1% used [0x000000079f780000,0x000000079f7f8000,0x00000007a1980000)
  to   space 34816K, 0% used [0x00000007a1980000,0x00000007a1980000,0x00000007a3b80000)
 ParOldGen       total 222208K, used 77448K [0x00000006c0e00000, 0x00000006ce700000, 0x000000076af80000)
  object space 222208K, 34% used [0x00000006c0e00000,0x00000006c59a21b8,0x00000006ce700000)
 Metaspace       used 59231K, capacity 60578K, committed 60692K, reserved 1103872K
  class space    used 5527K, capacity 5784K, committed 5888K, reserved 1048576K
Event: 13745.753 GC heap after
Heap after GC invocations=21 (full 6):
 PSYoungGen      total 894976K, used 0K [0x000000076af80000, 0x00000007a3b80000, 0x00000007c0000000)
  eden space 860160K, 0% used [0x000000076af80000,0x000000076af80000,0x000000079f780000)
  from space 34816K, 0% used [0x000000079f780000,0x000000079f780000,0x00000007a1980000)
  to   space 34816K, 0% used [0x00000007a1980000,0x00000007a1980000,0x00000007a3b80000)
 ParOldGen       total 222208K, used 77385K [0x00000006c0e00000, 0x00000006ce700000, 0x000000076af80000)
  object space 222208K, 34% used [0x00000006c0e00000,0x00000006c5992560,0x00000006ce700000)
 Metaspace       used 59231K, capacity 60578K, committed 60692K, reserved 1103872K
  class space    used 5527K, capacity 5784K, committed 5888K, reserved 1048576K
}
Event: 17345.753 GC heap before
{Heap before GC invocations=22 (full 6):
 PSYoungGen      total 894976K, used 323440K [0x000000076af80000, 0x00000007a3b80000, 0x00000007c0000000)
  eden space 860160K, 37% used [0x000000076af80000,0x000000077eb5c218,0x000000079f780000)
  from space 34816K, 0% used [0x000000079f780000,0x000000079f780000,0x00000007a1980000)
  to   space 34816K, 0% used [0x00000007a1980000,0x00000007a1980000,0x00000007a3b80000)
 ParOldGen       total 222208K, used 77385K [0x00000006c0e00000, 0x00000006ce700000, 0x000000076af80000)
  object space 222208K, 34% used [0x00000006c0e00000,0x00000006c5992560,0x00000006ce700000)
 Metaspace       used 59481K, capacity 61008K, committed 61144K, reserved 1103872K
  class space    used 5562K, capacity 5845K, committed 5888K, reserved 1048576K
Event: 17345.755 GC heap after
Heap after GC invocations=22 (full 6):
 PSYoungGen      total 892928K, used 1664K [0x000000076af80000, 0x00000007a3980000, 0x00000007c0000000)
  eden space 860160K, 0% used [0x000000076af80000,0x000000076af80000,0x000000079f780000)
  from space 32768K, 5% used [0x00000007a1980000,0x00000007a1b20000,0x00000007a3980000)
  to   space 33792K, 0% used [0x000000079f780000,0x000000079f780000,0x00000007a1880000)
 ParOldGen       total 222208K, used 77385K [0x00000006c0e00000, 0x00000006ce700000, 0x000000076af80000)
  object space 222208K, 34% used [0x00000006c0e00000,0x00000006c5992560,0x00000006ce700000)
 Metaspace       used 59481K, capacity 61008K, committed 61144K, reserved 1103872K
  class space    used 5562K, capacity 5845K, committed 5888K, reserved 1048576K
}
Event: 17345.755 GC heap before
{Heap before GC invocations=23 (full 7):
 PSYoungGen      total 892928K, used 1664K [0x000000076af80000, 0x00000007a3980000, 0x00000007c0000000)
  eden space 860160K, 0% used [0x000000076af80000,0x000000076af80000,0x000000079f780000)
  from space 32768K, 5% used [0x00000007a1980000,0x00000007a1b20000,0x00000007a3980000)
  to   space 33792K, 0% used [0x000000079f780000,0x000000079f780000,0x00000007a1880000)
 ParOldGen       total 222208K, used 77385K [0x00000006c0e00000, 0x00000006ce700000, 0x000000076af80000)
  object space 222208K, 34% used [0x00000006c0e00000,0x00000006c5992560,0x00000006ce700000)
 Metaspace       used 59481K, capacity 61008K, committed 61144K, reserved 1103872K
  class space    used 5562K, capacity 5845K, committed 5888K, reserved 1048576K
Event: 17345.952 GC heap after
Heap after GC invocations=23 (full 7):
 PSYoungGen      total 892928K, used 0K [0x000000076af80000, 0x00000007a3980000, 0x00000007c0000000)
  eden space 860160K, 0% used [0x000000076af80000,0x000000076af80000,0x000000079f780000)
  from space 32768K, 0% used [0x00000007a1980000,0x00000007a1980000,0x00000007a3980000)
  to   space 33792K, 0% used [0x000000079f780000,0x000000079f780000,0x00000007a1880000)
 ParOldGen       total 222208K, used 78714K [0x00000006c0e00000, 0x00000006ce700000, 0x000000076af80000)
  object space 222208K, 35% used [0x00000006c0e00000,0x00000006c5adeb18,0x00000006ce700000)
 Metaspace       used 59481K, capacity 61008K, committed 61144K, reserved 1103872K
  class space    used 5562K, capacity 5845K, committed 5888K, reserved 1048576K
}

