# JRE version: Java(TM) SE Runtime Environment (8.0_131-b11) (build 1.8.0_131-b11)
# Java VM: Java HotSpot(TM) 64-Bit Server VM (25.131-b11 mixed mode windows-amd64 compressed oops)
Heap:
 PSYoungGen      total 1275392K, used 76829K [0x000000076af80000, 0x00000007bdd80000, 0x00000007c0000000)
  eden space 1274880K, 6% used [0x000000076af80000,0x000000076fa87578,0x00000007b8c80000)
  from space 512K, 0% used [0x00000007b8c80000,0x00000007b8c80000,0x00000007b8d00000)
  to   space 41472K, 0% used [0x00000007bb500000,0x00000007bb500000,0x00000007bdd80000)
 ParOldGen       total 228864K, used 110213K [0x00000006c0e00000, 0x00000006ced80000, 0x000000076af80000)
  object space 228864K, 48% used [0x00000006c0e00000,0x00000006c79a1660,0x00000006ced80000)
 Metaspace       used 64127K, capacity 64606K, committed 65536K, reserved 1107968K
  class space    used 5943K, capacity 6048K, committed 6144K, reserved 1048576K
GC Heap History (10 events):
Event: 36062.560 GC heap before
{Heap before GC invocations=32 (full 13):
 PSYoungGen      total 1277952K, used 2624K [0x000000076af80000, 0x00000007be580000, 0x00000007c0000000)
  eden space 1274880K, 0% used [0x000000076af80000,0x000000076af80000,0x00000007b8c80000)
  from space 3072K, 85% used [0x00000007b8c80000,0x00000007b8f10000,0x00000007b8f80000)
  to   space 45568K, 0% used [0x00000007bb900000,0x00000007bb900000,0x00000007be580000)
 ParOldGen       total 228864K, used 110178K [0x00000006c0e00000, 0x00000006ced80000, 0x000000076af80000)
  object space 228864K, 48% used [0x00000006c0e00000,0x00000006c7998be0,0x00000006ced80000)
 Metaspace       used 64235K, capacity 64804K, committed 65536K, reserved 1107968K
  class space    used 5961K, capacity 6081K, committed 6144K, reserved 1048576K
Event: 36062.827 GC heap after
Heap after GC invocations=32 (full 13):
 PSYoungGen      total 1277952K, used 0K [0x000000076af80000, 0x00000007be580000, 0x00000007c0000000)
  eden space 1274880K, 0% used [0x000000076af80000,0x000000076af80000,0x00000007b8c80000)
  from space 3072K, 0% used [0x00000007b8c80000,0x00000007b8c80000,0x00000007b8f80000)
  to   space 45568K, 0% used [0x00000007bb900000,0x00000007bb900000,0x00000007be580000)
 ParOldGen       total 228864K, used 110446K [0x00000006c0e00000, 0x00000006ced80000, 0x000000076af80000)
  object space 228864K, 48% used [0x00000006c0e00000,0x00000006c79dbab8,0x00000006ced80000)
 Metaspace       used 64235K, capacity 64804K, committed 65536K, reserved 1107968K
  class space    used 5961K, capacity 6081K, committed 6144K, reserved 1048576K
}
Event: 39662.828 GC heap before
{Heap before GC invocations=33 (full 13):
 PSYoungGen      total 1277952K, used 174164K [0x000000076af80000, 0x00000007be580000, 0x00000007c0000000)
  eden space 1274880K, 13% used [0x000000076af80000,0x00000007759950b0,0x00000007b8c80000)
  from space 3072K, 0% used [0x00000007b8c80000,0x00000007b8c80000,0x00000007b8f80000)
  to   space 45568K, 0% used [0x00000007bb900000,0x00000007bb900000,0x00000007be580000)
 ParOldGen       total 228864K, used 110446K [0x00000006c0e00000, 0x00000006ced80000, 0x000000076af80000)
  object space 228864K, 48% used [0x00000006c0e00000,0x00000006c79dbab8,0x00000006ced80000)
 Metaspace       used 64251K, capacity 64804K, committed 65536K, reserved 1107968K
  class space    used 5961K, capacity 6081K, committed 6144K, reserved 1048576K
Event: 39662.830 GC heap after
Heap after GC invocations=33 (full 13):
 PSYoungGen      total 1316352K, used 160K [0x000000076af80000, 0x00000007be180000, 0x00000007c0000000)
  eden space 1274880K, 0% used [0x000000076af80000,0x000000076af80000,0x00000007b8c80000)
  from space 41472K, 0% used [0x00000007bb900000,0x00000007bb928000,0x00000007be180000)
  to   space 43520K, 0% used [0x00000007b8c80000,0x00000007b8c80000,0x00000007bb700000)
 ParOldGen       total 228864K, used 110446K [0x00000006c0e00000, 0x00000006ced80000, 0x000000076af80000)
  object space 228864K, 48% used [0x00000006c0e00000,0x00000006c79dbab8,0x00000006ced80000)
 Metaspace       used 64251K, capacity 64804K, committed 65536K, reserved 1107968K
  class space    used 5961K, capacity 6081K, committed 6144K, reserved 1048576K
}
Event: 39662.830 GC heap before
{Heap before GC invocations=34 (full 14):
 PSYoungGen      total 1316352K, used 160K [0x000000076af80000, 0x00000007be180000, 0x00000007c0000000)
  eden space 1274880K, 0% used [0x000000076af80000,0x000000076af80000,0x00000007b8c80000)
  from space 41472K, 0% used [0x00000007bb900000,0x00000007bb928000,0x00000007be180000)
  to   space 43520K, 0% used [0x00000007b8c80000,0x00000007b8c80000,0x00000007bb700000)
 ParOldGen       total 228864K, used 110446K [0x00000006c0e00000, 0x00000006ced80000, 0x000000076af80000)
  object space 228864K, 48% used [0x00000006c0e00000,0x00000006c79dbab8,0x00000006ced80000)
 Metaspace       used 64251K, capacity 64804K, committed 65536K, reserved 1107968K
  class space    used 5961K, capacity 6081K, committed 6144K, reserved 1048576K
Event: 39663.081 GC heap after
Heap after GC invocations=34 (full 14):
 PSYoungGen      total 1316352K, used 0K [0x000000076af80000, 0x00000007be180000, 0x00000007c0000000)
  eden space 1274880K, 0% used [0x000000076af80000,0x000000076af80000,0x00000007b8c80000)
  from space 41472K, 0% used [0x00000007bb900000,0x00000007bb900000,0x00000007be180000)
  to   space 43520K, 0% used [0x00000007b8c80000,0x00000007b8c80000,0x00000007bb700000)
 ParOldGen       total 228864K, used 110214K [0x00000006c0e00000, 0x00000006ced80000, 0x000000076af80000)
  object space 228864K, 48% used [0x00000006c0e00000,0x00000006c79a1920,0x00000006ced80000)
 Metaspace       used 64124K, capacity 64606K, committed 65536K, reserved 1107968K
  class space    used 5943K, capacity 6048K, committed 6144K, reserved 1048576K
}
Event: 43263.083 GC heap before
{Heap before GC invocations=35 (full 14):
 PSYoungGen      total 1316352K, used 174794K [0x000000076af80000, 0x00000007be180000, 0x00000007c0000000)
  eden space 1274880K, 13% used [0x000000076af80000,0x0000000775a32ac8,0x00000007b8c80000)
  from space 41472K, 0% used [0x00000007bb900000,0x00000007bb900000,0x00000007be180000)
  to   space 43520K, 0% used [0x00000007b8c80000,0x00000007b8c80000,0x00000007bb700000)
 ParOldGen       total 228864K, used 110214K [0x00000006c0e00000, 0x00000006ced80000, 0x000000076af80000)
  object space 228864K, 48% used [0x00000006c0e00000,0x00000006c79a1920,0x00000006ced80000)
 Metaspace       used 64127K, capacity 64606K, committed 65536K, reserved 1107968K
  class space    used 5943K, capacity 6048K, committed 6144K, reserved 1048576K
Event: 43263.085 GC heap after
Heap after GC invocations=35 (full 14):
 PSYoungGen      total 1275392K, used 96K [0x000000076af80000, 0x00000007bdd80000, 0x00000007c0000000)
  eden space 1274880K, 0% used [0x000000076af80000,0x000000076af80000,0x00000007b8c80000)
  from space 512K, 18% used [0x00000007b8c80000,0x00000007b8c98000,0x00000007b8d00000)
  to   space 41472K, 0% used [0x00000007bb500000,0x00000007bb500000,0x00000007bdd80000)
 ParOldGen       total 228864K, used 110214K [0x00000006c0e00000, 0x00000006ced80000, 0x000000076af80000)
  object space 228864K, 48% used [0x00000006c0e00000,0x00000006c79a1920,0x00000006ced80000)
 Metaspace       used 64127K, capacity 64606K, committed 65536K, reserved 1107968K
  class space    used 5943K, capacity 6048K, committed 6144K, reserved 1048576K
}
Event: 43263.085 GC heap before
{Heap before GC invocations=36 (full 15):
 PSYoungGen      total 1275392K, used 96K [0x000000076af80000, 0x00000007bdd80000, 0x00000007c0000000)
  eden space 1274880K, 0% used [0x000000076af80000,0x000000076af80000,0x00000007b8c80000)
  from space 512K, 18% used [0x00000007b8c80000,0x00000007b8c98000,0x00000007b8d00000)
  to   space 41472K, 0% used [0x00000007bb500000,0x00000007bb500000,0x00000007bdd80000)
 ParOldGen       total 228864K, used 110214K [0x00000006c0e00000, 0x00000006ced80000, 0x000000076af80000)
  object space 228864K, 48% used [0x00000006c0e00000,0x00000006c79a1920,0x00000006ced80000)
 Metaspace       used 64127K, capacity 64606K, committed 65536K, reserved 1107968K
  class space    used 5943K, capacity 6048K, committed 6144K, reserved 1048576K
Event: 43263.328 GC heap after
Heap after GC invocations=36 (full 15):
 PSYoungGen      total 1275392K, used 0K [0x000000076af80000, 0x00000007bdd80000, 0x00000007c0000000)
  eden space 1274880K, 0% used [0x000000076af80000,0x000000076af80000,0x00000007b8c80000)
  from space 512K, 0% used [0x00000007b8c80000,0x00000007b8c80000,0x00000007b8d00000)
  to   space 41472K, 0% used [0x00000007bb500000,0x00000007bb500000,0x00000007bdd80000)
 ParOldGen       total 228864K, used 110213K [0x00000006c0e00000, 0x00000006ced80000, 0x000000076af80000)
  object space 228864K, 48% used [0x00000006c0e00000,0x00000006c79a1660,0x00000006ced80000)
 Metaspace       used 64127K, capacity 64606K, committed 65536K, reserved 1107968K
  class space    used 5943K, capacity 6048K, committed 6144K, reserved 1048576K
}

