# JRE version: Java(TM) SE Runtime Environment (8.0_131-b11) (build 1.8.0_131-b11)
# Java VM: Java HotSpot(TM) 64-Bit Server VM (25.131-b11 mixed mode windows-amd64 compressed oops)
Heap:
 PSYoungGen      total 679936K, used 278383K [0x000000076af80000, 0x000000079df00000, 0x00000007c0000000)
  eden space 679424K, 40% used [0x000000076af80000,0x000000077bf5bfd0,0x0000000794700000)
  from space 512K, 0% used [0x0000000794700000,0x0000000794700000,0x0000000794780000)
  to   space 77824K, 0% used [0x0000000799300000,0x0000000799300000,0x000000079df00000)
 ParOldGen       total 774656K, used 48920K [0x00000006c0e00000, 0x00000006f0280000, 0x000000076af80000)
  object space 774656K, 6% used [0x00000006c0e00000,0x00000006c3dc6150,0x00000006f0280000)
 Metaspace       used 56420K, capacity 57796K, committed 58496K, reserved 1101824K
  class space    used 6299K, capacity 6642K, committed 6784K, reserved 1048576K
GC Heap History (10 events):
Event: 46828.586 GC heap before
{Heap before GC invocations=48 (full 17):
 PSYoungGen      total 679936K, used 160K [0x000000076af80000, 0x000000079ed00000, 0x00000007c0000000)
  eden space 679424K, 0% used [0x000000076af80000,0x000000076af80000,0x0000000794700000)
  from space 512K, 31% used [0x0000000794700000,0x0000000794728000,0x0000000794780000)
  to   space 84992K, 0% used [0x0000000799a00000,0x0000000799a00000,0x000000079ed00000)
 ParOldGen       total 774656K, used 49287K [0x00000006c0e00000, 0x00000006f0280000, 0x000000076af80000)
  object space 774656K, 6% used [0x00000006c0e00000,0x00000006c3e21c60,0x00000006f0280000)
 Metaspace       used 56627K, capacity 58126K, committed 58496K, reserved 1101824K
  class space    used 6330K, capacity 6697K, committed 6784K, reserved 1048576K
Event: 46828.753 GC heap after
Heap after GC invocations=48 (full 17):
 PSYoungGen      total 679936K, used 0K [0x000000076af80000, 0x000000079ed00000, 0x00000007c0000000)
  eden space 679424K, 0% used [0x000000076af80000,0x000000076af80000,0x0000000794700000)
  from space 512K, 0% used [0x0000000794700000,0x0000000794700000,0x0000000794780000)
  to   space 84992K, 0% used [0x0000000799a00000,0x0000000799a00000,0x000000079ed00000)
 ParOldGen       total 774656K, used 48920K [0x00000006c0e00000, 0x00000006f0280000, 0x000000076af80000)
  object space 774656K, 6% used [0x00000006c0e00000,0x00000006c3dc60f8,0x00000006f0280000)
 Metaspace       used 56418K, capacity 57790K, committed 58496K, reserved 1101824K
  class space    used 6299K, capacity 6641K, committed 6784K, reserved 1048576K
}
Event: 50428.753 GC heap before
{Heap before GC invocations=49 (full 17):
 PSYoungGen      total 679936K, used 441324K [0x000000076af80000, 0x000000079ed00000, 0x00000007c0000000)
  eden space 679424K, 64% used [0x000000076af80000,0x0000000785e7b380,0x0000000794700000)
  from space 512K, 0% used [0x0000000794700000,0x0000000794700000,0x0000000794780000)
  to   space 84992K, 0% used [0x0000000799a00000,0x0000000799a00000,0x000000079ed00000)
 ParOldGen       total 774656K, used 48920K [0x00000006c0e00000, 0x00000006f0280000, 0x000000076af80000)
  object space 774656K, 6% used [0x00000006c0e00000,0x00000006c3dc60f8,0x00000006f0280000)
 Metaspace       used 56418K, capacity 57790K, committed 58496K, reserved 1101824K
  class space    used 6299K, capacity 6641K, committed 6784K, reserved 1048576K
Event: 50428.759 GC heap after
Heap after GC invocations=49 (full 17):
 PSYoungGen      total 757248K, used 160K [0x000000076af80000, 0x000000079e600000, 0x00000007c0000000)
  eden space 679424K, 0% used [0x000000076af80000,0x000000076af80000,0x0000000794700000)
  from space 77824K, 0% used [0x0000000799a00000,0x0000000799a28000,0x000000079e600000)
  to   space 81408K, 0% used [0x0000000794700000,0x0000000794700000,0x0000000799680000)
 ParOldGen       total 774656K, used 48920K [0x00000006c0e00000, 0x00000006f0280000, 0x000000076af80000)
  object space 774656K, 6% used [0x00000006c0e00000,0x00000006c3dc60f8,0x00000006f0280000)
 Metaspace       used 56418K, capacity 57790K, committed 58496K, reserved 1101824K
  class space    used 6299K, capacity 6641K, committed 6784K, reserved 1048576K
}
Event: 50428.759 GC heap before
{Heap before GC invocations=50 (full 18):
 PSYoungGen      total 757248K, used 160K [0x000000076af80000, 0x000000079e600000, 0x00000007c0000000)
  eden space 679424K, 0% used [0x000000076af80000,0x000000076af80000,0x0000000794700000)
  from space 77824K, 0% used [0x0000000799a00000,0x0000000799a28000,0x000000079e600000)
  to   space 81408K, 0% used [0x0000000794700000,0x0000000794700000,0x0000000799680000)
 ParOldGen       total 774656K, used 48920K [0x00000006c0e00000, 0x00000006f0280000, 0x000000076af80000)
  object space 774656K, 6% used [0x00000006c0e00000,0x00000006c3dc60f8,0x00000006f0280000)
 Metaspace       used 56418K, capacity 57790K, committed 58496K, reserved 1101824K
  class space    used 6299K, capacity 6641K, committed 6784K, reserved 1048576K
Event: 50428.856 GC heap after
Heap after GC invocations=50 (full 18):
 PSYoungGen      total 757248K, used 0K [0x000000076af80000, 0x000000079e600000, 0x00000007c0000000)
  eden space 679424K, 0% used [0x000000076af80000,0x000000076af80000,0x0000000794700000)
  from space 77824K, 0% used [0x0000000799a00000,0x0000000799a00000,0x000000079e600000)
  to   space 81408K, 0% used [0x0000000794700000,0x0000000794700000,0x0000000799680000)
 ParOldGen       total 774656K, used 48920K [0x00000006c0e00000, 0x00000006f0280000, 0x000000076af80000)
  object space 774656K, 6% used [0x00000006c0e00000,0x00000006c3dc6150,0x00000006f0280000)
 Metaspace       used 56418K, capacity 57790K, committed 58496K, reserved 1101824K
  class space    used 6299K, capacity 6641K, committed 6784K, reserved 1048576K
}
Event: 54028.857 GC heap before
{Heap before GC invocations=51 (full 18):
 PSYoungGen      total 757248K, used 441343K [0x000000076af80000, 0x000000079e600000, 0x00000007c0000000)
  eden space 679424K, 64% used [0x000000076af80000,0x0000000785e7fd58,0x0000000794700000)
  from space 77824K, 0% used [0x0000000799a00000,0x0000000799a00000,0x000000079e600000)
  to   space 81408K, 0% used [0x0000000794700000,0x0000000794700000,0x0000000799680000)
 ParOldGen       total 774656K, used 48920K [0x00000006c0e00000, 0x00000006f0280000, 0x000000076af80000)
  object space 774656K, 6% used [0x00000006c0e00000,0x00000006c3dc6150,0x00000006f0280000)
 Metaspace       used 56418K, capacity 57790K, committed 58496K, reserved 1101824K
  class space    used 6299K, capacity 6641K, committed 6784K, reserved 1048576K
Event: 54028.862 GC heap after
Heap after GC invocations=51 (full 18):
 PSYoungGen      total 679936K, used 192K [0x000000076af80000, 0x000000079df00000, 0x00000007c0000000)
  eden space 679424K, 0% used [0x000000076af80000,0x000000076af80000,0x0000000794700000)
  from space 512K, 37% used [0x0000000794700000,0x0000000794730000,0x0000000794780000)
  to   space 77824K, 0% used [0x0000000799300000,0x0000000799300000,0x000000079df00000)
 ParOldGen       total 774656K, used 48920K [0x00000006c0e00000, 0x00000006f0280000, 0x000000076af80000)
  object space 774656K, 6% used [0x00000006c0e00000,0x00000006c3dc6150,0x00000006f0280000)
 Metaspace       used 56418K, capacity 57790K, committed 58496K, reserved 1101824K
  class space    used 6299K, capacity 6641K, committed 6784K, reserved 1048576K
}
Event: 54028.862 GC heap before
{Heap before GC invocations=52 (full 19):
 PSYoungGen      total 679936K, used 192K [0x000000076af80000, 0x000000079df00000, 0x00000007c0000000)
  eden space 679424K, 0% used [0x000000076af80000,0x000000076af80000,0x0000000794700000)
  from space 512K, 37% used [0x0000000794700000,0x0000000794730000,0x0000000794780000)
  to   space 77824K, 0% used [0x0000000799300000,0x0000000799300000,0x000000079df00000)
 ParOldGen       total 774656K, used 48920K [0x00000006c0e00000, 0x00000006f0280000, 0x000000076af80000)
  object space 774656K, 6% used [0x00000006c0e00000,0x00000006c3dc6150,0x00000006f0280000)
 Metaspace       used 56418K, capacity 57790K, committed 58496K, reserved 1101824K
  class space    used 6299K, capacity 6641K, committed 6784K, reserved 1048576K
Event: 54028.948 GC heap after
Heap after GC invocations=52 (full 19):
 PSYoungGen      total 679936K, used 0K [0x000000076af80000, 0x000000079df00000, 0x00000007c0000000)
  eden space 679424K, 0% used [0x000000076af80000,0x000000076af80000,0x0000000794700000)
  from space 512K, 0% used [0x0000000794700000,0x0000000794700000,0x0000000794780000)
  to   space 77824K, 0% used [0x0000000799300000,0x0000000799300000,0x000000079df00000)
 ParOldGen       total 774656K, used 48920K [0x00000006c0e00000, 0x00000006f0280000, 0x000000076af80000)
  object space 774656K, 6% used [0x00000006c0e00000,0x00000006c3dc6150,0x00000006f0280000)
 Metaspace       used 56418K, capacity 57790K, committed 58496K, reserved 1101824K
  class space    used 6299K, capacity 6641K, committed 6784K, reserved 1048576K
}

