# JRE version: Java(TM) SE Runtime Environment (8.0_131-b11) (build 1.8.0_131-b11)
# Java VM: Java HotSpot(TM) 64-Bit Server VM (25.131-b11 mixed mode windows-amd64 compressed oops)
Heap:
 PSYoungGen      total 1347072K, used 236901K [0x000000076af80000, 0x00000007c0000000, 0x00000007c0000000)
  eden space 1302528K, 18% used [0x000000076af80000,0x00000007796d9530,0x00000007ba780000)
  from space 44544K, 0% used [0x00000007ba780000,0x00000007ba780000,0x00000007bd300000)
  to   space 42496K, 0% used [0x00000007bd680000,0x00000007bd680000,0x00000007c0000000)
 ParOldGen       total 227328K, used 43296K [0x00000006c0e00000, 0x00000006cec00000, 0x000000076af80000)
  object space 227328K, 19% used [0x00000006c0e00000,0x00000006c38480c8,0x00000006cec00000)
 Metaspace       used 55014K, capacity 56634K, committed 57600K, reserved 1099776K
  class space    used 6081K, capacity 6432K, committed 6656K, reserved 1048576K
GC Heap History (10 events):
Event: 133347.291 GC heap before
{Heap before GC invocations=89 (full 40):
 PSYoungGen      total 1345536K, used 160K [0x000000076af80000, 0x00000007c0000000, 0x00000007c0000000)
  eden space 1297920K, 0% used [0x000000076af80000,0x000000076af80000,0x00000007ba300000)
  from space 47616K, 0% used [0x00000007ba300000,0x00000007ba328000,0x00000007bd180000)
  to   space 46080K, 0% used [0x00000007bd300000,0x00000007bd300000,0x00000007c0000000)
 ParOldGen       total 227328K, used 117698K [0x00000006c0e00000, 0x00000006cec00000, 0x000000076af80000)
  object space 227328K, 51% used [0x00000006c0e00000,0x00000006c80f0980,0x00000006cec00000)
 Metaspace       used 55157K, capacity 56862K, committed 57600K, reserved 1099776K
  class space    used 6102K, capacity 6470K, committed 6656K, reserved 1048576K
Event: 133347.382 GC heap after
Heap after GC invocations=89 (full 40):
 PSYoungGen      total 1345536K, used 0K [0x000000076af80000, 0x00000007c0000000, 0x00000007c0000000)
  eden space 1297920K, 0% used [0x000000076af80000,0x000000076af80000,0x00000007ba300000)
  from space 47616K, 0% used [0x00000007ba300000,0x00000007ba300000,0x00000007bd180000)
  to   space 46080K, 0% used [0x00000007bd300000,0x00000007bd300000,0x00000007c0000000)
 ParOldGen       total 227328K, used 43532K [0x00000006c0e00000, 0x00000006cec00000, 0x000000076af80000)
  object space 227328K, 19% used [0x00000006c0e00000,0x00000006c38832a8,0x00000006cec00000)
 Metaspace       used 55157K, capacity 56862K, committed 57600K, reserved 1099776K
  class space    used 6102K, capacity 6470K, committed 6656K, reserved 1048576K
}
Event: 136947.382 GC heap before
{Heap before GC invocations=90 (full 40):
 PSYoungGen      total 1345536K, used 471296K [0x000000076af80000, 0x00000007c0000000, 0x00000007c0000000)
  eden space 1297920K, 36% used [0x000000076af80000,0x0000000787bc0000,0x00000007ba300000)
  from space 47616K, 0% used [0x00000007ba300000,0x00000007ba300000,0x00000007bd180000)
  to   space 46080K, 0% used [0x00000007bd300000,0x00000007bd300000,0x00000007c0000000)
 ParOldGen       total 227328K, used 43532K [0x00000006c0e00000, 0x00000006cec00000, 0x000000076af80000)
  object space 227328K, 19% used [0x00000006c0e00000,0x00000006c38832a8,0x00000006cec00000)
 Metaspace       used 55158K, capacity 56862K, committed 57600K, reserved 1099776K
  class space    used 6102K, capacity 6470K, committed 6656K, reserved 1048576K
Event: 136947.386 GC heap after
Heap after GC invocations=90 (full 40):
 PSYoungGen      total 1348608K, used 160K [0x000000076af80000, 0x00000007c0000000, 0x00000007c0000000)
  eden space 1302528K, 0% used [0x000000076af80000,0x000000076af80000,0x00000007ba780000)
  from space 46080K, 0% used [0x00000007bd300000,0x00000007bd328000,0x00000007c0000000)
  to   space 44544K, 0% used [0x00000007ba780000,0x00000007ba780000,0x00000007bd300000)
 ParOldGen       total 227328K, used 43532K [0x00000006c0e00000, 0x00000006cec00000, 0x000000076af80000)
  object space 227328K, 19% used [0x00000006c0e00000,0x00000006c38832a8,0x00000006cec00000)
 Metaspace       used 55158K, capacity 56862K, committed 57600K, reserved 1099776K
  class space    used 6102K, capacity 6470K, committed 6656K, reserved 1048576K
}
Event: 136947.386 GC heap before
{Heap before GC invocations=91 (full 41):
 PSYoungGen      total 1348608K, used 160K [0x000000076af80000, 0x00000007c0000000, 0x00000007c0000000)
  eden space 1302528K, 0% used [0x000000076af80000,0x000000076af80000,0x00000007ba780000)
  from space 46080K, 0% used [0x00000007bd300000,0x00000007bd328000,0x00000007c0000000)
  to   space 44544K, 0% used [0x00000007ba780000,0x00000007ba780000,0x00000007bd300000)
 ParOldGen       total 227328K, used 43532K [0x00000006c0e00000, 0x00000006cec00000, 0x000000076af80000)
  object space 227328K, 19% used [0x00000006c0e00000,0x00000006c38832a8,0x00000006cec00000)
 Metaspace       used 55158K, capacity 56862K, committed 57600K, reserved 1099776K
  class space    used 6102K, capacity 6470K, committed 6656K, reserved 1048576K
Event: 136947.468 GC heap after
Heap after GC invocations=91 (full 41):
 PSYoungGen      total 1348608K, used 0K [0x000000076af80000, 0x00000007c0000000, 0x00000007c0000000)
  eden space 1302528K, 0% used [0x000000076af80000,0x000000076af80000,0x00000007ba780000)
  from space 46080K, 0% used [0x00000007bd300000,0x00000007bd300000,0x00000007c0000000)
  to   space 44544K, 0% used [0x00000007ba780000,0x00000007ba780000,0x00000007bd300000)
 ParOldGen       total 227328K, used 43310K [0x00000006c0e00000, 0x00000006cec00000, 0x000000076af80000)
  object space 227328K, 19% used [0x00000006c0e00000,0x00000006c384bbd8,0x00000006cec00000)
 Metaspace       used 55014K, capacity 56634K, committed 57600K, reserved 1099776K
  class space    used 6081K, capacity 6432K, committed 6656K, reserved 1048576K
}
Event: 140547.467 GC heap before
{Heap before GC invocations=92 (full 41):
 PSYoungGen      total 1348608K, used 452821K [0x000000076af80000, 0x00000007c0000000, 0x00000007c0000000)
  eden space 1302528K, 34% used [0x000000076af80000,0x00000007869b5640,0x00000007ba780000)
  from space 46080K, 0% used [0x00000007bd300000,0x00000007bd300000,0x00000007c0000000)
  to   space 44544K, 0% used [0x00000007ba780000,0x00000007ba780000,0x00000007bd300000)
 ParOldGen       total 227328K, used 43310K [0x00000006c0e00000, 0x00000006cec00000, 0x000000076af80000)
  object space 227328K, 19% used [0x00000006c0e00000,0x00000006c384bbd8,0x00000006cec00000)
 Metaspace       used 55014K, capacity 56634K, committed 57600K, reserved 1099776K
  class space    used 6081K, capacity 6432K, committed 6656K, reserved 1048576K
Event: 140547.472 GC heap after
Heap after GC invocations=92 (full 41):
 PSYoungGen      total 1347072K, used 192K [0x000000076af80000, 0x00000007c0000000, 0x00000007c0000000)
  eden space 1302528K, 0% used [0x000000076af80000,0x000000076af80000,0x00000007ba780000)
  from space 44544K, 0% used [0x00000007ba780000,0x00000007ba7b0000,0x00000007bd300000)
  to   space 42496K, 0% used [0x00000007bd680000,0x00000007bd680000,0x00000007c0000000)
 ParOldGen       total 227328K, used 43310K [0x00000006c0e00000, 0x00000006cec00000, 0x000000076af80000)
  object space 227328K, 19% used [0x00000006c0e00000,0x00000006c384bbd8,0x00000006cec00000)
 Metaspace       used 55014K, capacity 56634K, committed 57600K, reserved 1099776K
  class space    used 6081K, capacity 6432K, committed 6656K, reserved 1048576K
}
Event: 140547.472 GC heap before
{Heap before GC invocations=93 (full 42):
 PSYoungGen      total 1347072K, used 192K [0x000000076af80000, 0x00000007c0000000, 0x00000007c0000000)
  eden space 1302528K, 0% used [0x000000076af80000,0x000000076af80000,0x00000007ba780000)
  from space 44544K, 0% used [0x00000007ba780000,0x00000007ba7b0000,0x00000007bd300000)
  to   space 42496K, 0% used [0x00000007bd680000,0x00000007bd680000,0x00000007c0000000)
 ParOldGen       total 227328K, used 43310K [0x00000006c0e00000, 0x00000006cec00000, 0x000000076af80000)
  object space 227328K, 19% used [0x00000006c0e00000,0x00000006c384bbd8,0x00000006cec00000)
 Metaspace       used 55014K, capacity 56634K, committed 57600K, reserved 1099776K
  class space    used 6081K, capacity 6432K, committed 6656K, reserved 1048576K
Event: 140547.539 GC heap after
Heap after GC invocations=93 (full 42):
 PSYoungGen      total 1347072K, used 0K [0x000000076af80000, 0x00000007c0000000, 0x00000007c0000000)
  eden space 1302528K, 0% used [0x000000076af80000,0x000000076af80000,0x00000007ba780000)
  from space 44544K, 0% used [0x00000007ba780000,0x00000007ba780000,0x00000007bd300000)
  to   space 42496K, 0% used [0x00000007bd680000,0x00000007bd680000,0x00000007c0000000)
 ParOldGen       total 227328K, used 43296K [0x00000006c0e00000, 0x00000006cec00000, 0x000000076af80000)
  object space 227328K, 19% used [0x00000006c0e00000,0x00000006c38480c8,0x00000006cec00000)
 Metaspace       used 55014K, capacity 56634K, committed 57600K, reserved 1099776K
  class space    used 6081K, capacity 6432K, committed 6656K, reserved 1048576K
}

