# JRE version: Java(TM) SE Runtime Environment (8.0_131-b11) (build 1.8.0_131-b11)
# Java VM: Java HotSpot(TM) 64-Bit Server VM (25.131-b11 mixed mode windows-amd64 compressed oops)
Heap:
 PSYoungGen      total 828928K, used 187273K [0x000000076af80000, 0x00000007aad80000, 0x00000007c0000000)
  eden space 820224K, 22% used [0x000000076af80000,0x00000007766626a8,0x000000079d080000)
  from space 8704K, 0% used [0x000000079d080000,0x000000079d080000,0x000000079d900000)
  to   space 113152K, 0% used [0x00000007a3f00000,0x00000007a3f00000,0x00000007aad80000)
 ParOldGen       total 592896K, used 54780K [0x00000006c0e00000, 0x00000006e5100000, 0x000000076af80000)
  object space 592896K, 9% used [0x00000006c0e00000,0x00000006c437f3c8,0x00000006e5100000)
 Metaspace       used 54524K, capacity 55986K, committed 56704K, reserved 1099776K
  class space    used 6060K, capacity 6407K, committed 6528K, reserved 1048576K
GC Heap History (10 events):
Event: 43771.126 GC heap before
{Heap before GC invocations=41 (full 15):
 PSYoungGen      total 718848K, used 717824K [0x000000076af80000, 0x00000007a6e80000, 0x00000007c0000000)
  eden space 717824K, 100% used [0x000000076af80000,0x0000000796c80000,0x0000000796c80000)
  from space 1024K, 0% used [0x0000000796c80000,0x0000000796c80000,0x0000000796d80000)
  to   space 132096K, 0% used [0x000000079ed80000,0x000000079ed80000,0x00000007a6e80000)
 ParOldGen       total 592896K, used 54023K [0x00000006c0e00000, 0x00000006e5100000, 0x000000076af80000)
  object space 592896K, 9% used [0x00000006c0e00000,0x00000006c42c1e08,0x00000006e5100000)
 Metaspace       used 54441K, capacity 55938K, committed 56704K, reserved 1099776K
  class space    used 6052K, capacity 6399K, committed 6528K, reserved 1048576K
Event: 43771.204 GC heap after
Heap after GC invocations=41 (full 15):
 PSYoungGen      total 852480K, used 41981K [0x000000076af80000, 0x00000007af200000, 0x00000007c0000000)
  eden space 720384K, 0% used [0x000000076af80000,0x000000076af80000,0x0000000796f00000)
  from space 132096K, 31% used [0x000000079ed80000,0x00000007a167f438,0x00000007a6e80000)
  to   space 129536K, 0% used [0x0000000796f00000,0x0000000796f00000,0x000000079ed80000)
 ParOldGen       total 592896K, used 54031K [0x00000006c0e00000, 0x00000006e5100000, 0x000000076af80000)
  object space 592896K, 9% used [0x00000006c0e00000,0x00000006c42c3e08,0x00000006e5100000)
 Metaspace       used 54441K, capacity 55938K, committed 56704K, reserved 1099776K
  class space    used 6052K, capacity 6399K, committed 6528K, reserved 1048576K
}
Event: 43778.016 GC heap before
{Heap before GC invocations=42 (full 15):
 PSYoungGen      total 852480K, used 762365K [0x000000076af80000, 0x00000007af200000, 0x00000007c0000000)
  eden space 720384K, 100% used [0x000000076af80000,0x0000000796f00000,0x0000000796f00000)
  from space 132096K, 31% used [0x000000079ed80000,0x00000007a167f438,0x00000007a6e80000)
  to   space 129536K, 0% used [0x0000000796f00000,0x0000000796f00000,0x000000079ed80000)
 ParOldGen       total 592896K, used 54031K [0x00000006c0e00000, 0x00000006e5100000, 0x000000076af80000)
  object space 592896K, 9% used [0x00000006c0e00000,0x00000006c42c3e08,0x00000006e5100000)
 Metaspace       used 54456K, capacity 55944K, committed 56704K, reserved 1099776K
  class space    used 6054K, capacity 6400K, committed 6528K, reserved 1048576K
Event: 43778.087 GC heap after
Heap after GC invocations=42 (full 15):
 PSYoungGen      total 849920K, used 47453K [0x000000076af80000, 0x00000007ae180000, 0x00000007c0000000)
  eden space 720384K, 0% used [0x000000076af80000,0x000000076af80000,0x0000000796f00000)
  from space 129536K, 36% used [0x0000000796f00000,0x0000000799d57438,0x000000079ed80000)
  to   space 128000K, 0% used [0x00000007a6480000,0x00000007a6480000,0x00000007ae180000)
 ParOldGen       total 592896K, used 54031K [0x00000006c0e00000, 0x00000006e5100000, 0x000000076af80000)
  object space 592896K, 9% used [0x00000006c0e00000,0x00000006c42c3e08,0x00000006e5100000)
 Metaspace       used 54456K, capacity 55944K, committed 56704K, reserved 1099776K
  class space    used 6054K, capacity 6400K, committed 6528K, reserved 1048576K
}
Event: 46127.676 GC heap before
{Heap before GC invocations=43 (full 15):
 PSYoungGen      total 849920K, used 767837K [0x000000076af80000, 0x00000007ae180000, 0x00000007c0000000)
  eden space 720384K, 100% used [0x000000076af80000,0x0000000796f00000,0x0000000796f00000)
  from space 129536K, 36% used [0x0000000796f00000,0x0000000799d57438,0x000000079ed80000)
  to   space 128000K, 0% used [0x00000007a6480000,0x00000007a6480000,0x00000007ae180000)
 ParOldGen       total 592896K, used 54031K [0x00000006c0e00000, 0x00000006e5100000, 0x000000076af80000)
  object space 592896K, 9% used [0x00000006c0e00000,0x00000006c42c3e08,0x00000006e5100000)
 Metaspace       used 54487K, capacity 55950K, committed 56704K, reserved 1099776K
  class space    used 6056K, capacity 6401K, committed 6528K, reserved 1048576K
Event: 46127.740 GC heap after
Heap after GC invocations=43 (full 15):
 PSYoungGen      total 908288K, used 29517K [0x000000076af80000, 0x00000007aba80000, 0x00000007c0000000)
  eden space 820224K, 0% used [0x000000076af80000,0x000000076af80000,0x000000079d080000)
  from space 88064K, 33% used [0x00000007a6480000,0x00000007a8153458,0x00000007aba80000)
  to   space 119808K, 0% used [0x000000079d080000,0x000000079d080000,0x00000007a4580000)
 ParOldGen       total 592896K, used 54039K [0x00000006c0e00000, 0x00000006e5100000, 0x000000076af80000)
  object space 592896K, 9% used [0x00000006c0e00000,0x00000006c42c5e08,0x00000006e5100000)
 Metaspace       used 54487K, capacity 55950K, committed 56704K, reserved 1099776K
  class space    used 6056K, capacity 6401K, committed 6528K, reserved 1048576K
}
Event: 46826.653 GC heap before
{Heap before GC invocations=44 (full 15):
 PSYoungGen      total 908288K, used 136293K [0x000000076af80000, 0x00000007aba80000, 0x00000007c0000000)
  eden space 820224K, 13% used [0x000000076af80000,0x00000007717c6058,0x000000079d080000)
  from space 88064K, 33% used [0x00000007a6480000,0x00000007a8153458,0x00000007aba80000)
  to   space 119808K, 0% used [0x000000079d080000,0x000000079d080000,0x00000007a4580000)
 ParOldGen       total 592896K, used 54039K [0x00000006c0e00000, 0x00000006e5100000, 0x000000076af80000)
  object space 592896K, 9% used [0x00000006c0e00000,0x00000006c42c5e08,0x00000006e5100000)
 Metaspace       used 54501K, capacity 55974K, committed 56704K, reserved 1099776K
  class space    used 6058K, capacity 6405K, committed 6528K, reserved 1048576K
Event: 46826.658 GC heap after
Heap after GC invocations=44 (full 15):
 PSYoungGen      total 828928K, used 8253K [0x000000076af80000, 0x00000007aad80000, 0x00000007c0000000)
  eden space 820224K, 0% used [0x000000076af80000,0x000000076af80000,0x000000079d080000)
  from space 8704K, 94% used [0x000000079d080000,0x000000079d88f448,0x000000079d900000)
  to   space 113152K, 0% used [0x00000007a3f00000,0x00000007a3f00000,0x00000007aad80000)
 ParOldGen       total 592896K, used 54039K [0x00000006c0e00000, 0x00000006e5100000, 0x000000076af80000)
  object space 592896K, 9% used [0x00000006c0e00000,0x00000006c42c5e08,0x00000006e5100000)
 Metaspace       used 54501K, capacity 55974K, committed 56704K, reserved 1099776K
  class space    used 6058K, capacity 6405K, committed 6528K, reserved 1048576K
}
Event: 46826.658 GC heap before
{Heap before GC invocations=45 (full 16):
 PSYoungGen      total 828928K, used 8253K [0x000000076af80000, 0x00000007aad80000, 0x00000007c0000000)
  eden space 820224K, 0% used [0x000000076af80000,0x000000076af80000,0x000000079d080000)
  from space 8704K, 94% used [0x000000079d080000,0x000000079d88f448,0x000000079d900000)
  to   space 113152K, 0% used [0x00000007a3f00000,0x00000007a3f00000,0x00000007aad80000)
 ParOldGen       total 592896K, used 54039K [0x00000006c0e00000, 0x00000006e5100000, 0x000000076af80000)
  object space 592896K, 9% used [0x00000006c0e00000,0x00000006c42c5e08,0x00000006e5100000)
 Metaspace       used 54501K, capacity 55974K, committed 56704K, reserved 1099776K
  class space    used 6058K, capacity 6405K, committed 6528K, reserved 1048576K
Event: 46826.833 GC heap after
Heap after GC invocations=45 (full 16):
 PSYoungGen      total 828928K, used 0K [0x000000076af80000, 0x00000007aad80000, 0x00000007c0000000)
  eden space 820224K, 0% used [0x000000076af80000,0x000000076af80000,0x000000079d080000)
  from space 8704K, 0% used [0x000000079d080000,0x000000079d080000,0x000000079d900000)
  to   space 113152K, 0% used [0x00000007a3f00000,0x00000007a3f00000,0x00000007aad80000)
 ParOldGen       total 592896K, used 54780K [0x00000006c0e00000, 0x00000006e5100000, 0x000000076af80000)
  object space 592896K, 9% used [0x00000006c0e00000,0x00000006c437f3c8,0x00000006e5100000)
 Metaspace       used 54498K, capacity 55968K, committed 56704K, reserved 1099776K
  class space    used 6057K, capacity 6404K, committed 6528K, reserved 1048576K
}

