# JRE version: Java(TM) SE Runtime Environment (8.0_131-b11) (build 1.8.0_131-b11)
# Java VM: Java HotSpot(TM) 64-Bit Server VM (25.131-b11 mixed mode windows-amd64 compressed oops)
Heap:
 PSYoungGen      total 633344K, used 87798K [0x000000076af80000, 0x0000000792b00000, 0x00000007c0000000)
  eden space 619008K, 14% used [0x000000076af80000,0x000000077053d9a8,0x0000000790c00000)
  from space 14336K, 0% used [0x0000000791d00000,0x0000000791d00000,0x0000000792b00000)
  to   space 15872K, 0% used [0x0000000790c00000,0x0000000790c00000,0x0000000791b80000)
 ParOldGen       total 687616K, used 42908K [0x00000006c0e00000, 0x00000006ead80000, 0x000000076af80000)
  object space 687616K, 6% used [0x00000006c0e00000,0x00000006c37e7298,0x00000006ead80000)
 Metaspace       used 54975K, capacity 56532K, committed 57216K, reserved 1099776K
  class space    used 6086K, capacity 6437K, committed 6528K, reserved 1048576K
GC Heap History (10 events):
Event: 190846.775 GC heap before
{Heap before GC invocations=130 (full 57):
 PSYoungGen      total 635904K, used 192K [0x000000076af80000, 0x0000000793000000, 0x00000007c0000000)
  eden space 619008K, 0% used [0x000000076af80000,0x000000076af80000,0x0000000790c00000)
  from space 16896K, 1% used [0x0000000791f80000,0x0000000791fb0000,0x0000000793000000)
  to   space 18432K, 0% used [0x0000000790c00000,0x0000000790c00000,0x0000000791e00000)
 ParOldGen       total 687616K, used 42857K [0x00000006c0e00000, 0x00000006ead80000, 0x000000076af80000)
  object space 687616K, 6% used [0x00000006c0e00000,0x00000006c37da548,0x00000006ead80000)
 Metaspace       used 54963K, capacity 56468K, committed 56960K, reserved 1099776K
  class space    used 6086K, capacity 6437K, committed 6528K, reserved 1048576K
Event: 190846.835 GC heap after
Heap after GC invocations=130 (full 57):
 PSYoungGen      total 635904K, used 0K [0x000000076af80000, 0x0000000793000000, 0x00000007c0000000)
  eden space 619008K, 0% used [0x000000076af80000,0x000000076af80000,0x0000000790c00000)
  from space 16896K, 0% used [0x0000000791f80000,0x0000000791f80000,0x0000000793000000)
  to   space 18432K, 0% used [0x0000000790c00000,0x0000000790c00000,0x0000000791e00000)
 ParOldGen       total 687616K, used 42849K [0x00000006c0e00000, 0x00000006ead80000, 0x000000076af80000)
  object space 687616K, 6% used [0x00000006c0e00000,0x00000006c37d87f8,0x00000006ead80000)
 Metaspace       used 54963K, capacity 56468K, committed 56960K, reserved 1099776K
  class space    used 6086K, capacity 6437K, committed 6528K, reserved 1048576K
}
Event: 194446.835 GC heap before
{Heap before GC invocations=131 (full 57):
 PSYoungGen      total 635904K, used 389679K [0x000000076af80000, 0x0000000793000000, 0x00000007c0000000)
  eden space 619008K, 62% used [0x000000076af80000,0x0000000782c0bde8,0x0000000790c00000)
  from space 16896K, 0% used [0x0000000791f80000,0x0000000791f80000,0x0000000793000000)
  to   space 18432K, 0% used [0x0000000790c00000,0x0000000790c00000,0x0000000791e00000)
 ParOldGen       total 687616K, used 42849K [0x00000006c0e00000, 0x00000006ead80000, 0x000000076af80000)
  object space 687616K, 6% used [0x00000006c0e00000,0x00000006c37d87f8,0x00000006ead80000)
 Metaspace       used 55008K, capacity 56586K, committed 57216K, reserved 1099776K
  class space    used 6091K, capacity 6446K, committed 6528K, reserved 1048576K
Event: 194446.840 GC heap after
Heap after GC invocations=131 (full 57):
 PSYoungGen      total 619520K, used 288K [0x000000076af80000, 0x0000000792e00000, 0x00000007c0000000)
  eden space 619008K, 0% used [0x000000076af80000,0x000000076af80000,0x0000000790c00000)
  from space 512K, 56% used [0x0000000790c00000,0x0000000790c48000,0x0000000790c80000)
  to   space 17408K, 0% used [0x0000000791d00000,0x0000000791d00000,0x0000000792e00000)
 ParOldGen       total 687616K, used 42849K [0x00000006c0e00000, 0x00000006ead80000, 0x000000076af80000)
  object space 687616K, 6% used [0x00000006c0e00000,0x00000006c37d87f8,0x00000006ead80000)
 Metaspace       used 55008K, capacity 56586K, committed 57216K, reserved 1099776K
  class space    used 6091K, capacity 6446K, committed 6528K, reserved 1048576K
}
Event: 194446.840 GC heap before
{Heap before GC invocations=132 (full 58):
 PSYoungGen      total 619520K, used 288K [0x000000076af80000, 0x0000000792e00000, 0x00000007c0000000)
  eden space 619008K, 0% used [0x000000076af80000,0x000000076af80000,0x0000000790c00000)
  from space 512K, 56% used [0x0000000790c00000,0x0000000790c48000,0x0000000790c80000)
  to   space 17408K, 0% used [0x0000000791d00000,0x0000000791d00000,0x0000000792e00000)
 ParOldGen       total 687616K, used 42849K [0x00000006c0e00000, 0x00000006ead80000, 0x000000076af80000)
  object space 687616K, 6% used [0x00000006c0e00000,0x00000006c37d87f8,0x00000006ead80000)
 Metaspace       used 55008K, capacity 56586K, committed 57216K, reserved 1099776K
  class space    used 6091K, capacity 6446K, committed 6528K, reserved 1048576K
Event: 194446.929 GC heap after
Heap after GC invocations=132 (full 58):
 PSYoungGen      total 619520K, used 0K [0x000000076af80000, 0x0000000792e00000, 0x00000007c0000000)
  eden space 619008K, 0% used [0x000000076af80000,0x000000076af80000,0x0000000790c00000)
  from space 512K, 0% used [0x0000000790c00000,0x0000000790c00000,0x0000000790c80000)
  to   space 17408K, 0% used [0x0000000791d00000,0x0000000791d00000,0x0000000792e00000)
 ParOldGen       total 687616K, used 42981K [0x00000006c0e00000, 0x00000006ead80000, 0x000000076af80000)
  object space 687616K, 6% used [0x00000006c0e00000,0x00000006c37f9490,0x00000006ead80000)
 Metaspace       used 55008K, capacity 56586K, committed 57216K, reserved 1099776K
  class space    used 6091K, capacity 6446K, committed 6528K, reserved 1048576K
}
Event: 198046.929 GC heap before
{Heap before GC invocations=133 (full 58):
 PSYoungGen      total 619520K, used 373472K [0x000000076af80000, 0x0000000792e00000, 0x00000007c0000000)
  eden space 619008K, 60% used [0x000000076af80000,0x0000000781c381d8,0x0000000790c00000)
  from space 512K, 0% used [0x0000000790c00000,0x0000000790c00000,0x0000000790c80000)
  to   space 17408K, 0% used [0x0000000791d00000,0x0000000791d00000,0x0000000792e00000)
 ParOldGen       total 687616K, used 42981K [0x00000006c0e00000, 0x00000006ead80000, 0x000000076af80000)
  object space 687616K, 6% used [0x00000006c0e00000,0x00000006c37f9490,0x00000006ead80000)
 Metaspace       used 55009K, capacity 56586K, committed 57216K, reserved 1099776K
  class space    used 6091K, capacity 6446K, committed 6528K, reserved 1048576K
Event: 198047.055 GC heap after
Heap after GC invocations=133 (full 58):
 PSYoungGen      total 633344K, used 128K [0x000000076af80000, 0x0000000792b00000, 0x00000007c0000000)
  eden space 619008K, 0% used [0x000000076af80000,0x000000076af80000,0x0000000790c00000)
  from space 14336K, 0% used [0x0000000791d00000,0x0000000791d20000,0x0000000792b00000)
  to   space 15872K, 0% used [0x0000000790c00000,0x0000000790c00000,0x0000000791b80000)
 ParOldGen       total 687616K, used 42981K [0x00000006c0e00000, 0x00000006ead80000, 0x000000076af80000)
  object space 687616K, 6% used [0x00000006c0e00000,0x00000006c37f9490,0x00000006ead80000)
 Metaspace       used 55009K, capacity 56586K, committed 57216K, reserved 1099776K
  class space    used 6091K, capacity 6446K, committed 6528K, reserved 1048576K
}
Event: 198047.055 GC heap before
{Heap before GC invocations=134 (full 59):
 PSYoungGen      total 633344K, used 128K [0x000000076af80000, 0x0000000792b00000, 0x00000007c0000000)
  eden space 619008K, 0% used [0x000000076af80000,0x000000076af80000,0x0000000790c00000)
  from space 14336K, 0% used [0x0000000791d00000,0x0000000791d20000,0x0000000792b00000)
  to   space 15872K, 0% used [0x0000000790c00000,0x0000000790c00000,0x0000000791b80000)
 ParOldGen       total 687616K, used 42981K [0x00000006c0e00000, 0x00000006ead80000, 0x000000076af80000)
  object space 687616K, 6% used [0x00000006c0e00000,0x00000006c37f9490,0x00000006ead80000)
 Metaspace       used 55009K, capacity 56586K, committed 57216K, reserved 1099776K
  class space    used 6091K, capacity 6446K, committed 6528K, reserved 1048576K
Event: 198047.138 GC heap after
Heap after GC invocations=134 (full 59):
 PSYoungGen      total 633344K, used 0K [0x000000076af80000, 0x0000000792b00000, 0x00000007c0000000)
  eden space 619008K, 0% used [0x000000076af80000,0x000000076af80000,0x0000000790c00000)
  from space 14336K, 0% used [0x0000000791d00000,0x0000000791d00000,0x0000000792b00000)
  to   space 15872K, 0% used [0x0000000790c00000,0x0000000790c00000,0x0000000791b80000)
 ParOldGen       total 687616K, used 42908K [0x00000006c0e00000, 0x00000006ead80000, 0x000000076af80000)
  object space 687616K, 6% used [0x00000006c0e00000,0x00000006c37e7298,0x00000006ead80000)
 Metaspace       used 54975K, capacity 56532K, committed 57216K, reserved 1099776K
  class space    used 6086K, capacity 6437K, committed 6528K, reserved 1048576K
}

